\BOOKMARK [1][-]{section.1}{Grundlagen}{}% 1
\BOOKMARK [2][-]{subsection.1.1}{Analogien}{section.1}% 2
\BOOKMARK [2][-]{subsection.1.2}{Umrechungen}{section.1}% 3
\BOOKMARK [2][-]{subsection.1.3}{Kraft durch Druck}{section.1}% 4
\BOOKMARK [2][-]{subsection.1.4}{Volumenstrom}{section.1}% 5
\BOOKMARK [2][-]{subsection.1.5}{Kontinuit\344tsgleichung}{section.1}% 6
\BOOKMARK [2][-]{subsection.1.6}{Leistung}{section.1}% 7
\BOOKMARK [2][-]{subsection.1.7}{Pascalsches Gesetz}{section.1}% 8
\BOOKMARK [2][-]{subsection.1.8}{Viskosit\344t}{section.1}% 9
\BOOKMARK [2][-]{subsection.1.9}{Viskosit\344t \046 Wirkungsgrad}{section.1}% 10
\BOOKMARK [2][-]{subsection.1.10}{Viskosit\344t beeinflussen}{section.1}% 11
\BOOKMARK [2][-]{subsection.1.11}{Dichte von Druckfl\374ssigkeiten}{section.1}% 12
\BOOKMARK [2][-]{subsection.1.12}{Elastizit\344t der Druckfl\374ssigkeit}{section.1}% 13
\BOOKMARK [3][-]{subsubsection.1.12.1}{Normierter Druck}{subsection.1.12}% 14
\BOOKMARK [3][-]{subsubsection.1.12.2}{Kompressionsvolumen}{subsection.1.12}% 15
\BOOKMARK [3][-]{subsubsection.1.12.3}{Druckerh\366hung durch mechanische Kompression}{subsection.1.12}% 16
\BOOKMARK [2][-]{subsection.1.13}{Druck\344nderung in offenen Systemen}{section.1}% 17
\BOOKMARK [2][-]{subsection.1.14}{Str\366mungen}{section.1}% 18
\BOOKMARK [3][-]{subsubsection.1.14.1}{Reynoldszahl}{subsection.1.14}% 19
\BOOKMARK [3][-]{subsubsection.1.14.2}{Bernoulli Gleichung}{subsection.1.14}% 20
\BOOKMARK [3][-]{subsubsection.1.14.3}{Str\366mung im Rechteckspalt}{subsection.1.14}% 21
\BOOKMARK [3][-]{subsubsection.1.14.4}{Str\366mung im Kreisspalt}{subsection.1.14}% 22
\BOOKMARK [3][-]{subsubsection.1.14.5}{Str\366mung im Kreisringspalt}{subsection.1.14}% 23
\BOOKMARK [3][-]{subsubsection.1.14.6}{Blendenstr\366mung}{subsection.1.14}% 24
\BOOKMARK [3][-]{subsubsection.1.14.7}{Druckverluste \046 Reibungswiderstand}{subsection.1.14}% 25
\BOOKMARK [3][-]{subsubsection.1.14.8}{Rohrreibungszahl}{subsection.1.14}% 26
\BOOKMARK [2][-]{subsection.1.15}{Dr\374cke und Geschwindigkeiten}{section.1}% 27
\BOOKMARK [1][-]{section.2}{Pumpen und Motoren}{}% 28
\BOOKMARK [2][-]{subsection.2.1}{Wirkungsgrade}{section.2}% 29
\BOOKMARK [3][-]{subsubsection.2.1.1}{Beispiel: Zylinder}{subsection.2.1}% 30
\BOOKMARK [2][-]{subsection.2.2}{Vierquadrantenbetrieb}{section.2}% 31
\BOOKMARK [2][-]{subsection.2.3}{Verdr\344ngereinheit}{section.2}% 32
\BOOKMARK [2][-]{subsection.2.4}{Pumpen-Gleichungen}{section.2}% 33
\BOOKMARK [2][-]{subsection.2.5}{Motoren-Gleichungen}{section.2}% 34
\BOOKMARK [2][-]{subsection.2.6}{Konstantpumpen}{section.2}% 35
\BOOKMARK [3][-]{subsubsection.2.6.1}{Aussenzahnradpumpen}{subsection.2.6}% 36
\BOOKMARK [3][-]{subsubsection.2.6.2}{Innenzahnradpumpe}{subsection.2.6}% 37
\BOOKMARK [3][-]{subsubsection.2.6.3}{Kolbempumpen}{subsection.2.6}% 38
\BOOKMARK [3][-]{subsubsection.2.6.4}{Schraubenspindelpumpe}{subsection.2.6}% 39
\BOOKMARK [2][-]{subsection.2.7}{Verstellpumpen}{section.2}% 40
\BOOKMARK [3][-]{subsubsection.2.7.1}{Axialkolben}{subsection.2.7}% 41
\BOOKMARK [3][-]{subsubsection.2.7.2}{Schr\344gscheibenverstellpumpe}{subsection.2.7}% 42
\BOOKMARK [3][-]{subsubsection.2.7.3}{Schr\344gachsenverstellpumpe}{subsection.2.7}% 43
\BOOKMARK [3][-]{subsubsection.2.7.4}{Radialkolben Bauart}{subsection.2.7}% 44
\BOOKMARK [3][-]{subsubsection.2.7.5}{Fl\374gelzellenpumpen}{subsection.2.7}% 45
\BOOKMARK [3][-]{subsubsection.2.7.6}{Gerotor}{subsection.2.7}% 46
\BOOKMARK [2][-]{subsection.2.8}{Motoren}{section.2}% 47
\BOOKMARK [2][-]{subsection.2.9}{Pulsation \04004.02, S. 32}{section.2}% 48
\BOOKMARK [2][-]{subsection.2.10}{Steuerung \04004.03.}{section.2}% 49
\BOOKMARK [2][-]{subsection.2.11}{Hydrostatisches Getriebe HSG}{section.2}% 50
\BOOKMARK [1][-]{section.3}{Hydraulikzylinder}{}% 51
\BOOKMARK [2][-]{subsection.3.1}{Grundbauarten}{section.3}% 52
\BOOKMARK [2][-]{subsection.3.2}{Grundgleichungen}{section.3}% 53
\BOOKMARK [3][-]{subsubsection.3.2.1}{Wirkungsgrad}{subsection.3.2}% 54
\BOOKMARK [2][-]{subsection.3.3}{Knicksicherheit}{section.3}% 55
\BOOKMARK [1][-]{section.4}{Proportionalventile}{}% 56
\BOOKMARK [2][-]{subsection.4.1}{Wegeschaltventil}{section.4}% 57
\BOOKMARK [2][-]{subsection.4.2}{Proportionalwegeventil}{section.4}% 58
\BOOKMARK [2][-]{subsection.4.3}{4/3 Proportionalwegeventil}{section.4}% 59
\BOOKMARK [1][-]{section.5}{Hydraulische Widerstandssteuerung}{}% 60
\BOOKMARK [2][-]{subsection.5.1}{Ventile - Grundlagen}{section.5}% 61
\BOOKMARK [2][-]{subsection.5.2}{Einkantensteuerung}{section.5}% 62
\BOOKMARK [2][-]{subsection.5.3}{Zweikantensteuerung}{section.5}% 63
\BOOKMARK [2][-]{subsection.5.4}{Vierkantensteuerung}{section.5}% 64
\BOOKMARK [1][-]{section.6}{Servozylinder Antrieb}{}% 65
\BOOKMARK [2][-]{subsection.6.1}{Kennlinienfeld}{section.6}% 66
\BOOKMARK [2][-]{subsection.6.2}{Dynamische Kennwerte}{section.6}% 67
\BOOKMARK [3][-]{subsubsection.6.2.1}{Mit Zustandsregler}{subsection.6.2}% 68
\BOOKMARK [1][-]{section.7}{Speicher}{}% 69
\BOOKMARK [2][-]{subsection.7.1}{Auslegung von Speichern}{section.7}% 70
\BOOKMARK [3][-]{subsubsection.7.1.1}{Volumenbedarf}{subsection.7.1}% 71
\BOOKMARK [3][-]{subsubsection.7.1.2}{Pulsationsd\344mpfung}{subsection.7.1}% 72
\BOOKMARK [2][-]{subsection.7.2}{Speicherdynamik}{section.7}% 73
\BOOKMARK [1][-]{section.8}{Pneumatik}{}% 74
\BOOKMARK [2][-]{subsection.8.1}{Grundlagen}{section.8}% 75
\BOOKMARK [3][-]{subsubsection.8.1.1}{Ideales Gasgesetz}{subsection.8.1}% 76
\BOOKMARK [3][-]{subsubsection.8.1.2}{Spezifische Gaskonstante}{subsection.8.1}% 77
\BOOKMARK [3][-]{subsubsection.8.1.3}{Zustands\344nderung idealer Gase}{subsection.8.1}% 78
\BOOKMARK [2][-]{subsection.8.2}{Feuchte Luft}{section.8}% 79
\BOOKMARK [3][-]{subsubsection.8.2.1}{Relative Luftfeuchtigkeit}{subsection.8.2}% 80
\BOOKMARK [2][-]{subsection.8.3}{Bauelemente der Pneumatik}{section.8}% 81
\BOOKMARK [3][-]{subsubsection.8.3.1}{Pneumatischermuskell}{subsection.8.3}% 82
\BOOKMARK [3][-]{subsubsection.8.3.2}{Vakumduese mit Saugnapfl}{subsection.8.3}% 83
\BOOKMARK [1][-]{section.9}{Schaltsymbole}{}% 84
\BOOKMARK [2][-]{subsection.9.1}{Schaltsymbole der Hydraulik}{section.9}% 85
\BOOKMARK [3][-]{subsubsection.9.1.1}{Grundelementel}{subsection.9.1}% 86
\BOOKMARK [3][-]{subsubsection.9.1.2}{Pumpen und Motoren}{subsection.9.1}% 87
\BOOKMARK [3][-]{subsubsection.9.1.3}{Zylinder und Speicher}{subsection.9.1}% 88
\BOOKMARK [3][-]{subsubsection.9.1.4}{Sperr- und Stromventile}{subsection.9.1}% 89
\BOOKMARK [3][-]{subsubsection.9.1.5}{Druckventile}{subsection.9.1}% 90
\BOOKMARK [3][-]{subsubsection.9.1.6}{Wegeventile}{subsection.9.1}% 91
\BOOKMARK [2][-]{subsection.9.2}{Schaltsymbole der Pneumatik}{section.9}% 92
\BOOKMARK [2][-]{subsection.9.3}{Schaltsymbole Ventilbet\344tigung}{section.9}% 93
