This is pdfTeX, Version 3.14159265-2.6-1.40.20 (TeX Live 2019) (preloaded format=pdflatex 2020.1.9)  25 APR 2020 10:36
entering extended mode
 restricted \write18 enabled.
 %&-line parsing enabled.
**"oelhydraulik und pneumatik.tex"
(./oelhydraulik und pneumatik.tex
LaTeX2e <2018-12-01>
(/usr/local/texlive/2019/texmf-dist/tex/latex/base/article.cls
Document Class: article 2018/09/03 v1.4i Standard LaTeX document class
(/usr/local/texlive/2019/texmf-dist/tex/latex/base/size10.clo
File: size10.clo 2018/09/03 v1.4i Standard LaTeX file (size option)
)
\c@part=\count80
\c@section=\count81
\c@subsection=\count82
\c@subsubsection=\count83
\c@paragraph=\count84
\c@subparagraph=\count85
\c@figure=\count86
\c@table=\count87
\abovecaptionskip=\skip41
\belowcaptionskip=\skip42
\bibindent=\dimen102
) (./layout.sty
Package: layout 

(/usr/local/texlive/2019/texmf-dist/tex/latex/base/inputenc.sty
Package: inputenc 2018/08/11 v1.3c Input encoding file
\inpenc@prehook=\toks14
\inpenc@posthook=\toks15
)
(/usr/local/texlive/2019/texmf-dist/tex/latex/amsmath/amsmath.sty
Package: amsmath 2018/12/01 v2.17b AMS math features
\@mathmargin=\skip43

For additional information on amsmath, use the `?' option.
(/usr/local/texlive/2019/texmf-dist/tex/latex/amsmath/amstext.sty
Package: amstext 2000/06/29 v2.01 AMS text

(/usr/local/texlive/2019/texmf-dist/tex/latex/amsmath/amsgen.sty
File: amsgen.sty 1999/11/30 v2.0 generic functions
\@emptytoks=\toks16
\ex@=\dimen103
))
(/usr/local/texlive/2019/texmf-dist/tex/latex/amsmath/amsbsy.sty
Package: amsbsy 1999/11/29 v1.2d Bold Symbols
\pmbraise@=\dimen104
)
(/usr/local/texlive/2019/texmf-dist/tex/latex/amsmath/amsopn.sty
Package: amsopn 2016/03/08 v2.02 operator names
)
\inf@bad=\count88
LaTeX Info: Redefining \frac on input line 223.
\uproot@=\count89
\leftroot@=\count90
LaTeX Info: Redefining \overline on input line 385.
\classnum@=\count91
\DOTSCASE@=\count92
LaTeX Info: Redefining \ldots on input line 482.
LaTeX Info: Redefining \dots on input line 485.
LaTeX Info: Redefining \cdots on input line 606.
\Mathstrutbox@=\box27
\strutbox@=\box28
\big@size=\dimen105
LaTeX Font Info:    Redeclaring font encoding OML on input line 729.
LaTeX Font Info:    Redeclaring font encoding OMS on input line 730.
\macc@depth=\count93
\c@MaxMatrixCols=\count94
\dotsspace@=\muskip10
\c@parentequation=\count95
\dspbrk@lvl=\count96
\tag@help=\toks17
\row@=\count97
\column@=\count98
\maxfields@=\count99
\andhelp@=\toks18
\eqnshift@=\dimen106
\alignsep@=\dimen107
\tagshift@=\dimen108
\tagwidth@=\dimen109
\totwidth@=\dimen110
\lineht@=\dimen111
\@envbody=\toks19
\multlinegap=\skip44
\multlinetaggap=\skip45
\mathdisplay@stack=\toks20
LaTeX Info: Redefining \[ on input line 2844.
LaTeX Info: Redefining \] on input line 2845.
)
(/usr/local/texlive/2019/texmf-dist/tex/latex/amsfonts/amsfonts.sty
Package: amsfonts 2013/01/14 v3.01 Basic AMSFonts support
\symAMSa=\mathgroup4
\symAMSb=\mathgroup5
LaTeX Font Info:    Overwriting math alphabet `\mathfrak' in version `bold'
(Font)                  U/euf/m/n --> U/euf/b/n on input line 106.
)
(/usr/local/texlive/2019/texmf-dist/tex/latex/amsfonts/amssymb.sty
Package: amssymb 2013/01/14 v3.01 AMS font symbols
)
(/usr/local/texlive/2019/texmf-dist/tex/latex/graphics/graphicx.sty
Package: graphicx 2017/06/01 v1.1a Enhanced LaTeX Graphics (DPC,SPQR)

(/usr/local/texlive/2019/texmf-dist/tex/latex/graphics/keyval.sty
Package: keyval 2014/10/28 v1.15 key=value parser (DPC)
\KV@toks@=\toks21
)
(/usr/local/texlive/2019/texmf-dist/tex/latex/graphics/graphics.sty
Package: graphics 2017/06/25 v1.2c Standard LaTeX Graphics (DPC,SPQR)

(/usr/local/texlive/2019/texmf-dist/tex/latex/graphics/trig.sty
Package: trig 2016/01/03 v1.10 sin cos tan (DPC)
)
(/usr/local/texlive/2019/texmf-dist/tex/latex/graphics-cfg/graphics.cfg
File: graphics.cfg 2016/06/04 v1.11 sample graphics configuration
)
Package graphics Info: Driver file: pdftex.def on input line 99.

(/usr/local/texlive/2019/texmf-dist/tex/latex/graphics-def/pdftex.def
File: pdftex.def 2018/01/08 v1.0l Graphics/color driver for pdftex
))
\Gin@req@height=\dimen112
\Gin@req@width=\dimen113
)
(/usr/local/texlive/2019/texmf-dist/tex/generic/babel/babel.sty
Package: babel 2019/05/04 3.31 The Babel package

(/usr/local/texlive/2019/texmf-dist/tex/generic/babel/switch.def
File: switch.def 2019/05/04 3.31 Babel switching mechanism
)
(/usr/local/texlive/2019/texmf-dist/tex/generic/babel-english/english.ldf
Language: english 2017/06/06 v3.3r English support from the babel system

(/usr/local/texlive/2019/texmf-dist/tex/generic/babel/babel.def
File: babel.def 2019/05/04 3.31 Babel common definitions
\babel@savecnt=\count100
\U@D=\dimen114

(/usr/local/texlive/2019/texmf-dist/tex/generic/babel/txtbabel.def)
\bbl@dirlevel=\count101
)
\l@canadian = a dialect from \language\l@american 
\l@australian = a dialect from \language\l@british 
\l@newzealand = a dialect from \language\l@british 
))
(/usr/local/texlive/2019/texmf-dist/tex/latex/xcolor/xcolor.sty
Package: xcolor 2016/05/11 v2.12 LaTeX color extensions (UK)

(/usr/local/texlive/2019/texmf-dist/tex/latex/graphics-cfg/color.cfg
File: color.cfg 2016/01/02 v1.6 sample color configuration
)
Package xcolor Info: Driver file: pdftex.def on input line 225.
Package xcolor Info: Model `cmy' substituted by `cmy0' on input line 1348.
Package xcolor Info: Model `hsb' substituted by `rgb' on input line 1352.
Package xcolor Info: Model `RGB' extended on input line 1364.
Package xcolor Info: Model `HTML' substituted by `rgb' on input line 1366.
Package xcolor Info: Model `Hsb' substituted by `hsb' on input line 1367.
Package xcolor Info: Model `tHsb' substituted by `hsb' on input line 1368.
Package xcolor Info: Model `HSB' substituted by `hsb' on input line 1369.
Package xcolor Info: Model `Gray' substituted by `gray' on input line 1370.
Package xcolor Info: Model `wave' substituted by `hsb' on input line 1371.
)
(/usr/local/texlive/2019/texmf-dist/tex/latex/tools/multicol.sty
Package: multicol 2018/12/27 v1.8v multicolumn formatting (FMi)
\c@tracingmulticols=\count102
\mult@box=\box29
\multicol@leftmargin=\dimen115
\c@unbalance=\count103
\c@collectmore=\count104
\doublecol@number=\count105
\multicoltolerance=\count106
\multicolpretolerance=\count107
\full@width=\dimen116
\page@free=\dimen117
\premulticols=\dimen118
\postmulticols=\dimen119
\multicolsep=\skip46
\multicolbaselineskip=\skip47
\partial@page=\box30
\last@line=\box31
\maxbalancingoverflow=\dimen120
\mult@rightbox=\box32
\mult@grightbox=\box33
\mult@gfirstbox=\box34
\mult@firstbox=\box35
\@tempa=\box36
\@tempa=\box37
\@tempa=\box38
\@tempa=\box39
\@tempa=\box40
\@tempa=\box41
\@tempa=\box42
\@tempa=\box43
\@tempa=\box44
\@tempa=\box45
\@tempa=\box46
\@tempa=\box47
\@tempa=\box48
\@tempa=\box49
\@tempa=\box50
\@tempa=\box51
\@tempa=\box52
\c@columnbadness=\count108
\c@finalcolumnbadness=\count109
\last@try=\dimen121
\multicolovershoot=\dimen122
\multicolundershoot=\dimen123
\mult@nat@firstbox=\box53
\colbreak@box=\box54
\mc@col@check@num=\count110
)
(/usr/local/texlive/2019/texmf-dist/tex/latex/multirow/multirow.sty
Package: multirow 2019/01/01 v2.4 Span multiple rows of a table
\multirow@colwidth=\skip48
\multirow@cntb=\count111
\multirow@dima=\skip49
\bigstrutjot=\dimen124
)
(/usr/local/texlive/2019/texmf-dist/tex/latex/lipsum/lipsum.sty
(/usr/local/texlive/2019/texmf-dist/tex/latex/l3kernel/expl3.sty
Package: expl3 2019-05-07 L3 programming layer (loader) 

(/usr/local/texlive/2019/texmf-dist/tex/latex/l3kernel/expl3-code.tex
Package: expl3 2019-05-07 L3 programming layer (code)
\c_max_int=\count112
\l_tmpa_int=\count113
\l_tmpb_int=\count114
\g_tmpa_int=\count115
\g_tmpb_int=\count116
\g__kernel_prg_map_int=\count117
\c__ior_term_ior=\count118
\c_log_iow=\count119
\l_iow_line_count_int=\count120
\l__iow_line_target_int=\count121
\l__iow_one_indent_int=\count122
\l__iow_indent_int=\count123
\c_zero_dim=\dimen125
\c_max_dim=\dimen126
\l_tmpa_dim=\dimen127
\l_tmpb_dim=\dimen128
\g_tmpa_dim=\dimen129
\g_tmpb_dim=\dimen130
\c_zero_skip=\skip50
\c_max_skip=\skip51
\l_tmpa_skip=\skip52
\l_tmpb_skip=\skip53
\g_tmpa_skip=\skip54
\g_tmpb_skip=\skip55
\c_zero_muskip=\muskip11
\c_max_muskip=\muskip12
\l_tmpa_muskip=\muskip13
\l_tmpb_muskip=\muskip14
\g_tmpa_muskip=\muskip15
\g_tmpb_muskip=\muskip16
\l_keys_choice_int=\count124
\l__intarray_loop_int=\count125
\c__intarray_sp_dim=\dimen131
\g__intarray_font_int=\count126
\c__fp_leading_shift_int=\count127
\c__fp_middle_shift_int=\count128
\c__fp_trailing_shift_int=\count129
\c__fp_big_leading_shift_int=\count130
\c__fp_big_middle_shift_int=\count131
\c__fp_big_trailing_shift_int=\count132
\c__fp_Bigg_leading_shift_int=\count133
\c__fp_Bigg_middle_shift_int=\count134
\c__fp_Bigg_trailing_shift_int=\count135
\c__kernel_randint_max_int=\count136
\g__fp_array_int=\count137
\l__fp_array_loop_int=\count138
\l__sort_length_int=\count139
\l__sort_min_int=\count140
\l__sort_top_int=\count141
\l__sort_max_int=\count142
\l__sort_true_max_int=\count143
\l__sort_block_int=\count144
\l__sort_begin_int=\count145
\l__sort_end_int=\count146
\l__sort_A_int=\count147
\l__sort_B_int=\count148
\l__sort_C_int=\count149
\l__tl_analysis_normal_int=\count150
\l__tl_analysis_index_int=\count151
\l__tl_analysis_nesting_int=\count152
\l__tl_analysis_type_int=\count153
\l__regex_internal_a_int=\count154
\l__regex_internal_b_int=\count155
\l__regex_internal_c_int=\count156
\l__regex_balance_int=\count157
\l__regex_group_level_int=\count158
\l__regex_mode_int=\count159
\c__regex_cs_in_class_mode_int=\count160
\c__regex_cs_mode_int=\count161
\l__regex_catcodes_int=\count162
\l__regex_default_catcodes_int=\count163
\c__regex_catcode_D_int=\count164
\c__regex_catcode_S_int=\count165
\c__regex_catcode_L_int=\count166
\c__regex_catcode_O_int=\count167
\c__regex_catcode_A_int=\count168
\c__regex_all_catcodes_int=\count169
\l__regex_show_lines_int=\count170
\l__regex_min_state_int=\count171
\l__regex_max_state_int=\count172
\l__regex_left_state_int=\count173
\l__regex_right_state_int=\count174
\l__regex_capturing_group_int=\count175
\l__regex_min_pos_int=\count176
\l__regex_max_pos_int=\count177
\l__regex_curr_pos_int=\count178
\l__regex_start_pos_int=\count179
\l__regex_success_pos_int=\count180
\l__regex_curr_char_int=\count181
\l__regex_curr_catcode_int=\count182
\l__regex_last_char_int=\count183
\l__regex_case_changed_char_int=\count184
\l__regex_curr_state_int=\count185
\l__regex_step_int=\count186
\l__regex_min_active_int=\count187
\l__regex_max_active_int=\count188
\l__regex_replacement_csnames_int=\count189
\l__regex_match_count_int=\count190
\l__regex_min_submatch_int=\count191
\l__regex_submatch_int=\count192
\l__regex_zeroth_submatch_int=\count193
\g__regex_trace_regex_int=\count194
\c_empty_box=\box55
\l_tmpa_box=\box56
\l_tmpb_box=\box57
\g_tmpa_box=\box58
\g_tmpb_box=\box59
\l__box_top_dim=\dimen132
\l__box_bottom_dim=\dimen133
\l__box_left_dim=\dimen134
\l__box_right_dim=\dimen135
\l__box_top_new_dim=\dimen136
\l__box_bottom_new_dim=\dimen137
\l__box_left_new_dim=\dimen138
\l__box_right_new_dim=\dimen139
\l__box_internal_box=\box60
\l__coffin_internal_box=\box61
\l__coffin_internal_dim=\dimen140
\l__coffin_offset_x_dim=\dimen141
\l__coffin_offset_y_dim=\dimen142
\l__coffin_x_dim=\dimen143
\l__coffin_y_dim=\dimen144
\l__coffin_x_prime_dim=\dimen145
\l__coffin_y_prime_dim=\dimen146
\c_empty_coffin=\box62
\l__coffin_aligned_coffin=\box63
\l__coffin_aligned_internal_coffin=\box64
\l_tmpa_coffin=\box65
\l_tmpb_coffin=\box66
\g_tmpa_coffin=\box67
\g_tmpb_coffin=\box68
\l__coffin_bounding_shift_dim=\dimen147
\l__coffin_left_corner_dim=\dimen148
\l__coffin_right_corner_dim=\dimen149
\l__coffin_bottom_corner_dim=\dimen150
\l__coffin_top_corner_dim=\dimen151
\l__coffin_scaled_total_height_dim=\dimen152
\l__coffin_scaled_width_dim=\dimen153
\c__coffin_empty_coffin=\box69
\l__coffin_display_coffin=\box70
\l__coffin_display_coord_coffin=\box71
\l__coffin_display_pole_coffin=\box72
\l__coffin_display_offset_dim=\dimen154
\l__coffin_display_x_dim=\dimen155
\l__coffin_display_y_dim=\dimen156
\g__file_internal_ior=\read1
\l__seq_internal_a_int=\count195
\l__seq_internal_b_int=\count196
\c__deprecation_minus_one=\count197
)
(/usr/local/texlive/2019/texmf-dist/tex/latex/l3kernel/l3pdfmode.def
File: l3pdfmode.def 2019-04-06 v L3 Experimental driver: PDF mode
\l__driver_color_stack_int=\count198
\l__driver_pdf_tmp_box=\box73
))
(/usr/local/texlive/2019/texmf-dist/tex/latex/l3packages/xparse/xparse.sty
Package: xparse 2019-05-03 L3 Experimental document command parser
\l__xparse_current_arg_int=\count199
\g__xparse_grabber_int=\count266
\l__xparse_m_args_int=\count267
\l__xparse_v_nesting_int=\count268
)
Package: lipsum 2019/01/02 v2.2 150 paragraphs of Lorem Ipsum dummy text

(/usr/local/texlive/2019/texmf-dist/tex/latex/lipsum/lipsum.ltd.tex
File: lipsum.ltd.tex 2019/01/02 v2.2 The Lorem ipsum dummy text
))
(/usr/local/texlive/2019/texmf-dist/tex/latex/enumitem/enumitem.sty
Package: enumitem 2019/02/04 v3.8 Customized lists
\labelindent=\skip56
\enit@outerparindent=\dimen157
\enit@toks=\toks22
\enit@inbox=\box74
\enit@count@id=\count269
\enitdp@description=\count270
)
(/usr/local/texlive/2019/texmf-dist/tex/latex/tools/tabularx.sty
Package: tabularx 2016/02/03 v2.11b `tabularx' package (DPC)

(/usr/local/texlive/2019/texmf-dist/tex/latex/tools/array.sty
Package: array 2018/12/30 v2.4k Tabular extension package (FMi)
\col@sep=\dimen158
\ar@mcellbox=\box75
\extrarowheight=\dimen159
\NC@list=\toks23
\extratabsurround=\skip57
\backup@length=\skip58
\ar@cellbox=\box76
)
\TX@col@width=\dimen160
\TX@old@table=\dimen161
\TX@old@col=\dimen162
\TX@target=\dimen163
\TX@delta=\dimen164
\TX@cols=\count271
\TX@ftn=\toks24
)
(/usr/local/texlive/2019/texmf-dist/tex/latex/titlesec/titlesec.sty
Package: titlesec 2016/03/21 v2.10.2 Sectioning titles
\ttl@box=\box77
\beforetitleunit=\skip59
\aftertitleunit=\skip60
\ttl@plus=\dimen165
\ttl@minus=\dimen166
\ttl@toksa=\toks25
\titlewidth=\dimen167
\titlewidthlast=\dimen168
\titlewidthfirst=\dimen169
)
(/usr/local/texlive/2019/texmf-dist/tex/latex/fancyhdr/fancyhdr.sty
Package: fancyhdr 2019/01/31 v3.10 Extensive control of page headers and footer
s
\f@nch@headwidth=\skip61
\f@nch@O@elh=\skip62
\f@nch@O@erh=\skip63
\f@nch@O@olh=\skip64
\f@nch@O@orh=\skip65
\f@nch@O@elf=\skip66
\f@nch@O@erf=\skip67
\f@nch@O@olf=\skip68
\f@nch@O@orf=\skip69
)
(/usr/local/texlive/2019/texmf-dist/tex/latex/geometry/geometry.sty
Package: geometry 2018/04/16 v5.8 Page Geometry

(/usr/local/texlive/2019/texmf-dist/tex/generic/oberdiek/ifpdf.sty
Package: ifpdf 2018/09/07 v3.3 Provides the ifpdf switch
)
(/usr/local/texlive/2019/texmf-dist/tex/generic/oberdiek/ifvtex.sty
Package: ifvtex 2016/05/16 v1.6 Detect VTeX and its facilities (HO)
Package ifvtex Info: VTeX not detected.
)
(/usr/local/texlive/2019/texmf-dist/tex/generic/ifxetex/ifxetex.sty
Package: ifxetex 2010/09/12 v0.6 Provides ifxetex conditional
)
\Gm@cnth=\count272
\Gm@cntv=\count273
\c@Gm@tempcnt=\count274
\Gm@bindingoffset=\dimen170
\Gm@wd@mp=\dimen171
\Gm@odd@mp=\dimen172
\Gm@even@mp=\dimen173
\Gm@layoutwidth=\dimen174
\Gm@layoutheight=\dimen175
\Gm@layouthoffset=\dimen176
\Gm@layoutvoffset=\dimen177
\Gm@dimlist=\toks26
)
(/usr/local/texlive/2019/texmf-dist/tex/latex/sectsty/sectsty.sty
Package: sectsty 2002/02/25 v2.0.2 Commands to change all sectional heading sty
les
)
(/usr/local/texlive/2019/texmf-dist/tex/latex/framed/framed.sty
Package: framed 2011/10/22 v 0.96: framed or shaded text with page breaks
\OuterFrameSep=\skip70
\fb@frw=\dimen178
\fb@frh=\dimen179
\FrameRule=\dimen180
\FrameSep=\dimen181
)
(/usr/local/texlive/2019/texmf-dist/tex/latex/hyperref/hyperref.sty
Package: hyperref 2018/11/30 v6.88e Hypertext links for LaTeX

(/usr/local/texlive/2019/texmf-dist/tex/generic/oberdiek/hobsub-hyperref.sty
Package: hobsub-hyperref 2016/05/16 v1.14 Bundle oberdiek, subset hyperref (HO)


(/usr/local/texlive/2019/texmf-dist/tex/generic/oberdiek/hobsub-generic.sty
Package: hobsub-generic 2016/05/16 v1.14 Bundle oberdiek, subset generic (HO)
Package: hobsub 2016/05/16 v1.14 Construct package bundles (HO)
Package: infwarerr 2016/05/16 v1.4 Providing info/warning/error messages (HO)
Package: ltxcmds 2016/05/16 v1.23 LaTeX kernel commands for general use (HO)
Package: ifluatex 2016/05/16 v1.4 Provides the ifluatex switch (HO)
Package ifluatex Info: LuaTeX not detected.
Package hobsub Info: Skipping package `ifvtex' (already loaded).
Package: intcalc 2016/05/16 v1.2 Expandable calculations with integers (HO)
Package hobsub Info: Skipping package `ifpdf' (already loaded).
Package: etexcmds 2016/05/16 v1.6 Avoid name clashes with e-TeX commands (HO)
Package: kvsetkeys 2016/05/16 v1.17 Key value parser (HO)
Package: kvdefinekeys 2016/05/16 v1.4 Define keys (HO)
Package: pdftexcmds 2018/09/10 v0.29 Utility functions of pdfTeX for LuaTeX (HO
)
Package pdftexcmds Info: LuaTeX not detected.
Package pdftexcmds Info: \pdf@primitive is available.
Package pdftexcmds Info: \pdf@ifprimitive is available.
Package pdftexcmds Info: \pdfdraftmode found.
Package: pdfescape 2016/05/16 v1.14 Implements pdfTeX's escape features (HO)
Package: bigintcalc 2016/05/16 v1.4 Expandable calculations on big integers (HO
)
Package: bitset 2016/05/16 v1.2 Handle bit-vector datatype (HO)
Package: uniquecounter 2016/05/16 v1.3 Provide unlimited unique counter (HO)
)
Package hobsub Info: Skipping package `hobsub' (already loaded).
Package: letltxmacro 2016/05/16 v1.5 Let assignment for LaTeX macros (HO)
Package: hopatch 2016/05/16 v1.3 Wrapper for package hooks (HO)
Package: xcolor-patch 2016/05/16 xcolor patch
Package: atveryend 2016/05/16 v1.9 Hooks at the very end of document (HO)
Package atveryend Info: \enddocument detected (standard20110627).
Package: atbegshi 2016/06/09 v1.18 At begin shipout hook (HO)
Package: refcount 2016/05/16 v3.5 Data extraction from label references (HO)
Package: hycolor 2016/05/16 v1.8 Color options for hyperref/bookmark (HO)
)
(/usr/local/texlive/2019/texmf-dist/tex/latex/oberdiek/auxhook.sty
Package: auxhook 2016/05/16 v1.4 Hooks for auxiliary files (HO)
)
(/usr/local/texlive/2019/texmf-dist/tex/latex/oberdiek/kvoptions.sty
Package: kvoptions 2016/05/16 v3.12 Key value format for package options (HO)
)
\@linkdim=\dimen182
\Hy@linkcounter=\count275
\Hy@pagecounter=\count276

(/usr/local/texlive/2019/texmf-dist/tex/latex/hyperref/pd1enc.def
File: pd1enc.def 2018/11/30 v6.88e Hyperref: PDFDocEncoding definition (HO)
Now handling font encoding PD1 ...
... no UTF-8 mapping file for font encoding PD1
)
\Hy@SavedSpaceFactor=\count277

(/usr/local/texlive/2019/texmf-dist/tex/latex/latexconfig/hyperref.cfg
File: hyperref.cfg 2002/06/06 v1.2 hyperref configuration of TeXLive
)
Package hyperref Info: Hyper figures OFF on input line 4519.
Package hyperref Info: Link nesting OFF on input line 4524.
Package hyperref Info: Hyper index ON on input line 4527.
Package hyperref Info: Plain pages OFF on input line 4534.
Package hyperref Info: Backreferencing OFF on input line 4539.
Package hyperref Info: Implicit mode ON; LaTeX internals redefined.
Package hyperref Info: Bookmarks ON on input line 4772.
\c@Hy@tempcnt=\count278

(/usr/local/texlive/2019/texmf-dist/tex/latex/url/url.sty
\Urlmuskip=\muskip17
Package: url 2013/09/16  ver 3.4  Verb mode for urls, etc.
)
LaTeX Info: Redefining \url on input line 5125.
\XeTeXLinkMargin=\dimen183
\Fld@menulength=\count279
\Field@Width=\dimen184
\Fld@charsize=\dimen185
Package hyperref Info: Hyper figures OFF on input line 6380.
Package hyperref Info: Link nesting OFF on input line 6385.
Package hyperref Info: Hyper index ON on input line 6388.
Package hyperref Info: backreferencing OFF on input line 6395.
Package hyperref Info: Link coloring OFF on input line 6400.
Package hyperref Info: Link coloring with OCG OFF on input line 6405.
Package hyperref Info: PDF/A mode OFF on input line 6410.
LaTeX Info: Redefining \ref on input line 6450.
LaTeX Info: Redefining \pageref on input line 6454.
\Hy@abspage=\count280
\c@Item=\count281
\c@Hfootnote=\count282
)
Package hyperref Info: Driver (autodetected): hpdftex.

(/usr/local/texlive/2019/texmf-dist/tex/latex/hyperref/hpdftex.def
File: hpdftex.def 2018/11/30 v6.88e Hyperref driver for pdfTeX
\Fld@listcount=\count283
\c@bookmark@seq@number=\count284

(/usr/local/texlive/2019/texmf-dist/tex/latex/oberdiek/rerunfilecheck.sty
Package: rerunfilecheck 2016/05/16 v1.8 Rerun checks for auxiliary files (HO)
Package uniquecounter Info: New unique counter `rerunfilecheck' on input line 2
82.
)
\Hy@SectionHShift=\skip71
)
\mylena=\skip72
\mylenb=\skip73

(/usr/local/texlive/2019/texmf-dist/tex/latex/listings/listings.sty
\lst@mode=\count285
\lst@gtempboxa=\box78
\lst@token=\toks27
\lst@length=\count286
\lst@currlwidth=\dimen186
\lst@column=\count287
\lst@pos=\count288
\lst@lostspace=\dimen187
\lst@width=\dimen188
\lst@newlines=\count289
\lst@lineno=\count290
\lst@maxwidth=\dimen189

(/usr/local/texlive/2019/texmf-dist/tex/latex/listings/lstmisc.sty
File: lstmisc.sty 2019/02/27 1.8b (Carsten Heinz)
\c@lstnumber=\count291
\lst@skipnumbers=\count292
\lst@framebox=\box79
)
(/usr/local/texlive/2019/texmf-dist/tex/latex/listings/listings.cfg
File: listings.cfg 2019/02/27 1.8b listings configuration
))
Package: listings 2019/02/27 1.8b (Carsten Heinz)

(/usr/local/texlive/2019/texmf-dist/tex/latex/listings/lstlang1.sty
File: lstlang1.sty 2019/02/27 1.8b listings language file
)
(/usr/local/texlive/2019/texmf-dist/tex/latex/listings/lstlang1.sty
File: lstlang1.sty 2019/02/27 1.8b listings language file
)
(/usr/local/texlive/2019/texmf-dist/tex/latex/listings/lstlang1.sty
File: lstlang1.sty 2019/02/27 1.8b listings language file
)
(/usr/local/texlive/2019/texmf-dist/tex/latex/listings/lstmisc.sty
File: lstmisc.sty 2019/02/27 1.8b (Carsten Heinz)
))

Package Fancyhdr Warning: \fancyfoot's `E' option without twoside option is use
less on input line 14.

(./oelhydraulik und pneumatik.aux)
\openout1 = `"oelhydraulik und pneumatik.aux"'.

LaTeX Font Info:    Checking defaults for OML/cmm/m/it on input line 76.
LaTeX Font Info:    ... okay on input line 76.
LaTeX Font Info:    Checking defaults for T1/cmr/m/n on input line 76.
LaTeX Font Info:    ... okay on input line 76.
LaTeX Font Info:    Checking defaults for OT1/cmr/m/n on input line 76.
LaTeX Font Info:    ... okay on input line 76.
LaTeX Font Info:    Checking defaults for OMS/cmsy/m/n on input line 76.
LaTeX Font Info:    ... okay on input line 76.
LaTeX Font Info:    Checking defaults for OMX/cmex/m/n on input line 76.
LaTeX Font Info:    ... okay on input line 76.
LaTeX Font Info:    Checking defaults for U/cmr/m/n on input line 76.
LaTeX Font Info:    ... okay on input line 76.
LaTeX Font Info:    Checking defaults for PD1/pdf/m/n on input line 76.
LaTeX Font Info:    ... okay on input line 76.

(/usr/local/texlive/2019/texmf-dist/tex/context/base/mkii/supp-pdf.mkii
[Loading MPS to PDF converter (version 2006.09.02).]
\scratchcounter=\count293
\scratchdimen=\dimen190
\scratchbox=\box80
\nofMPsegments=\count294
\nofMParguments=\count295
\everyMPshowfont=\toks28
\MPscratchCnt=\count296
\MPscratchDim=\dimen191
\MPnumerator=\count297
\makeMPintoPDFobject=\count298
\everyMPtoPDFconversion=\toks29
) (/usr/local/texlive/2019/texmf-dist/tex/latex/oberdiek/epstopdf-base.sty
Package: epstopdf-base 2016/05/15 v2.6 Base part for package epstopdf

(/usr/local/texlive/2019/texmf-dist/tex/latex/oberdiek/grfext.sty
Package: grfext 2016/05/16 v1.2 Manage graphics extensions (HO)
)
Package epstopdf-base Info: Redefining graphics rule for `.eps' on input line 4
38.
Package grfext Info: Graphics extension search list:
(grfext)             [.pdf,.png,.jpg,.mps,.jpeg,.jbig2,.jb2,.PDF,.PNG,.JPG,.JPE
G,.JBIG2,.JB2,.eps]
(grfext)             \AppendGraphicsExtensions on input line 456.

(/usr/local/texlive/2019/texmf-dist/tex/latex/latexconfig/epstopdf-sys.cfg
File: epstopdf-sys.cfg 2010/07/13 v1.3 Configuration of (r)epstopdf for TeX Liv
e
))
*geometry* driver: auto-detecting
*geometry* detected driver: pdftex
*geometry* verbose mode - [ preamble ] result:
* driver: pdftex
* paper: a4paper
* layout: <same size as paper>
* layoutoffset:(h,v)=(0.0pt,0.0pt)
* modes: landscape 
* h-part:(L,W,R)=(42.67912pt, 759.6886pt, 42.67912pt)
* v-part:(T,H,B)=(56.9055pt, 483.69687pt, 56.9055pt)
* \paperwidth=845.04684pt
* \paperheight=597.50787pt
* \textwidth=759.6886pt
* \textheight=483.69687pt
* \oddsidemargin=-29.59087pt
* \evensidemargin=-29.59087pt
* \topmargin=-52.36449pt
* \headheight=12.0pt
* \headsep=25.0pt
* \topskip=10.0pt
* \footskip=30.0pt
* \marginparwidth=144.0pt
* \marginparsep=11.0pt
* \columnsep=22.76228pt
* \skip\footins=9.0pt plus 4.0pt minus 2.0pt
* \hoffset=0.0pt
* \voffset=0.0pt
* \mag=1000
* \@twocolumnfalse
* \@twosidefalse
* \@mparswitchfalse
* \@reversemarginfalse
* (1in=72.27pt=25.4mm, 1cm=28.453pt)

\AtBeginShipoutBox=\box81
Package hyperref Info: Link coloring OFF on input line 76.
(/usr/local/texlive/2019/texmf-dist/tex/latex/hyperref/nameref.sty
Package: nameref 2016/05/21 v2.44 Cross-referencing by name of section

(/usr/local/texlive/2019/texmf-dist/tex/generic/oberdiek/gettitlestring.sty
Package: gettitlestring 2016/05/16 v1.5 Cleanup title references (HO)
)
\c@section@level=\count299
)
LaTeX Info: Redefining \ref on input line 76.
LaTeX Info: Redefining \pageref on input line 76.
LaTeX Info: Redefining \nameref on input line 76.

(./oelhydraulik und pneumatik.out) (./oelhydraulik und pneumatik.out)
\@outlinefile=\write3
\openout3 = `"oelhydraulik und pneumatik.out"'.

\c@lstlisting=\count300

(./sections/1-grundlagen.tex
LaTeX Font Info:    Try loading font information for U+msa on input line 3.

(/usr/local/texlive/2019/texmf-dist/tex/latex/amsfonts/umsa.fd
File: umsa.fd 2013/01/14 v3.01 AMS symbols A
)
LaTeX Font Info:    Try loading font information for U+msb on input line 3.

(/usr/local/texlive/2019/texmf-dist/tex/latex/amsfonts/umsb.fd
File: umsb.fd 2013/01/14 v3.01 AMS symbols B
)
Overfull \hbox (2.12767pt too wide) in paragraph at lines 3--11
[] 
 []


Underfull \hbox (badness 10000) in paragraph at lines 55--58
\OT1/cmss/m/n/10 Gilt f^^?ur zwei di-rekt ver-bun-dene Kol-ben mit
 []


Underfull \hbox (badness 10000) in paragraph at lines 55--58
\OT1/cmss/m/n/10 un-ter-schiedlichen Kol-benfl^^?achen $\OML/cmm/m/it/10 A[]$ \
OT1/cmss/m/n/10 und $\OML/cmm/m/it/10 A[]$ \OT1/cmss/m/n/10 und
 []

<./graphics/viskositaet.png, id=377, 219.82124pt x 117.43875pt>
File: ./graphics/viskositaet.png Graphic file (type png)
<use ./graphics/viskositaet.png>
Package pdftex.def Info: ./graphics/viskositaet.png  used on input line 71.
(pdftex.def)             Requested size: 142.26378pt x 76.00633pt.

Underfull \hbox (badness 10000) in paragraph at lines 71--72

 []


Overfull \hbox (18.44333pt too wide) in paragraph at lines 80--86
[][] 
 []

<./graphics/visk_wirkungsgrad.png, id=379, 306.39468pt x 243.15843pt>
File: ./graphics/visk_wirkungsgrad.png Graphic file (type png)
<use ./graphics/visk_wirkungsgrad.png>
Package pdftex.def Info: ./graphics/visk_wirkungsgrad.png  used on input line 8
9.
(pdftex.def)             Requested size: 238.05467pt x 188.92445pt.

Underfull \hbox (badness 10000) in paragraph at lines 89--90

 []

[1

{/usr/local/texlive/2019/texmf-var/fonts/map/pdftex/updmap/pdftex.map} <./graph
ics/viskositaet.png>]
<./graphics/visk_temp.png, id=401, 272.51813pt x 274.77657pt>
File: ./graphics/visk_temp.png Graphic file (type png)
<use ./graphics/visk_temp.png>
Package pdftex.def Info: ./graphics/visk_temp.png  used on input line 95.
(pdftex.def)             Requested size: 238.05467pt x 240.02638pt.
<./graphics/dichte.png, id=402, 280.04625pt x 214.55156pt>
File: ./graphics/dichte.png Graphic file (type png)
<use ./graphics/dichte.png>
Package pdftex.def Info: ./graphics/dichte.png  used on input line 102.
(pdftex.def)             Requested size: 238.05467pt x 182.38931pt.

Underfull \hbox (badness 10000) in paragraph at lines 102--103

 []


Underfull \hbox (badness 10000) in paragraph at lines 123--128

 []

[2 <./graphics/visk_wirkungsgrad.png> <./graphics/visk_temp.png> <./graphics/di
chte.png>]
Underfull \hbox (badness 8113) in paragraph at lines 173--179
\OT1/cmss/m/n/10 Kompression wird durch Weg^^?anderung $\OT1/cmr/m/n/10 ^^A\OML
/cmm/m/it/10 x$ \OT1/cmss/m/n/10 eines
 []


Underfull \hbox (badness 10000) in paragraph at lines 208--216

 []


Underfull \hbox (badness 10000) in paragraph at lines 219--222
\OT1/cmss/m/n/10 Bernnoulli Druck-gle-ichung f^^?ur rei-bungs-freie,
 []

[3]
Underfull \hbox (badness 6063) in paragraph at lines 225--226
[]\OT1/cmss/m/n/10 Ergibt sich aus Druckmes-sung
 []


Overfull \hbox (19.30058pt too wide) in paragraph at lines 226--227
[]\OT1/cmss/m/n/10 Druckmessung in Str^^?omungsrich-tung
 []

<./graphics/rechteckspalt.png, id=426, 572.89032pt x 249.93375pt>
File: ./graphics/rechteckspalt.png Graphic file (type png)
<use ./graphics/rechteckspalt.png>
Package pdftex.def Info: ./graphics/rechteckspalt.png  used on input line 234.
(pdftex.def)             Requested size: 238.05467pt x 103.85786pt.

Underfull \hbox (badness 10000) in paragraph at lines 234--236

 []


Underfull \hbox (badness 10000) in paragraph at lines 238--239

 []

<./graphics/kreisspalt.png, id=427, 572.89032pt x 249.93375pt>
File: ./graphics/kreisspalt.png Graphic file (type png)
<use ./graphics/kreisspalt.png>
Package pdftex.def Info: ./graphics/kreisspalt.png  used on input line 251.
(pdftex.def)             Requested size: 238.05467pt x 103.85786pt.
<./graphics/kreisringspalt.png, id=428, 572.89032pt x 258.21469pt>
File: ./graphics/kreisringspalt.png Graphic file (type png)
<use ./graphics/kreisringspalt.png>
Package pdftex.def Info: ./graphics/kreisringspalt.png  used on input line 264.

(pdftex.def)             Requested size: 238.05467pt x 107.29893pt.

Underfull \hbox (badness 10000) in paragraph at lines 264--265

 []

<./graphics/blendensroemung.png, id=429, 481.04718pt x 258.9675pt>
File: ./graphics/blendensroemung.png Graphic file (type png)
<use ./graphics/blendensroemung.png>
Package pdftex.def Info: ./graphics/blendensroemung.png  used on input line 278
.
(pdftex.def)             Requested size: 238.05467pt x 128.1557pt.

Underfull \hbox (badness 10000) in paragraph at lines 278--279

 []

[4 <./graphics/rechteckspalt.png> <./graphics/kreisspalt.png> <./graphics/kreis
ringspalt.png>]
Underfull \hbox (badness 10000) in paragraph at lines 285--286
[]\OT1/cmss/m/n/10 Die Einfl^^?usse un-ter-schiedlicher Blenden-ge-ome-trien
 []


Overfull \hbox (8.62662pt too wide) in paragraph at lines 288--288
[]\OT1/cmss/bx/n/12 Druckverluste & Rei-bungswider-stand 
 []

<./graphics/Rohrreibungszahl.png, id=437, 376.40625pt x 291.33844pt>
File: ./graphics/Rohrreibungszahl.png Graphic file (type png)
<use ./graphics/Rohrreibungszahl.png>
Package pdftex.def Info: ./graphics/Rohrreibungszahl.png  used on input line 32
3.
(pdftex.def)             Requested size: 238.05467pt x 184.2599pt.

Underfull \hbox (badness 10000) in paragraph at lines 323--324

 []

) (./sections/2-pumpen_und_motoren.tex
Underfull \hbox (badness 10000) in paragraph at lines 4--5
[]\OT1/cmss/m/n/10 Hydraulisch-mechanisch $\OML/cmm/m/it/10 ^^Q[]$\OT1/cmss/m/n
/10 : Ver-luste in
 []


Underfull \hbox (badness 10000) in paragraph at lines 4--5
\OT1/cmss/m/n/10 hy-draulis-chen An-/Abtriebsgliedern, die im
 []


Underfull \hbox (badness 10000) in paragraph at lines 4--5
\OT1/cmss/m/n/10 sowie durch Str^^?omungsver-luste her-vorgerufen
 []


Underfull \hbox (badness 10000) in paragraph at lines 5--6
[]\OT1/cmss/m/n/10 Volumetrischer Wirkungs-grad $\OML/cmm/m/it/10 ^^Q[]$\OT1/cm
ss/m/n/10 : Der
 []


Underfull \hbox (badness 10000) in paragraph at lines 5--6
\OT1/cmss/m/n/10 vol-umetrische Wirkungs-grad beschreibt das
 []


Underfull \hbox (badness 10000) in paragraph at lines 5--6
\OT1/cmss/m/n/10 Verh^^?alt-nis von ef-fek-tivem (tats^^?achlich
 []


Underfull \hbox (badness 10000) in paragraph at lines 5--6
\OT1/cmss/m/n/10 zu the-o-retis-chen Vol-u-men-strom auf-grund der
 []


Underfull \hbox (badness 10000) in paragraph at lines 11--12
\OT1/cmss/m/n/10 Dabei wird die ef-fek-tive Kraft mit dem
 []

<./graphics/vierquadrantenbetrieb.png, id=438, 388.45125pt x 318.43968pt>
File: ./graphics/vierquadrantenbetrieb.png Graphic file (type png)
<use ./graphics/vierquadrantenbetrieb.png>
Package pdftex.def Info: ./graphics/vierquadrantenbetrieb.png  used on input li
ne 23.
(pdftex.def)             Requested size: 238.05467pt x 195.15169pt.
[5 <./graphics/blendensroemung.png> <./graphics/Rohrreibungszahl.png>]
<./graphics/verdraengereinheit.png, id=449, 307.90031pt x 321.45094pt>
File: ./graphics/verdraengereinheit.png Graphic file (type png)
<use ./graphics/verdraengereinheit.png>
Package pdftex.def Info: ./graphics/verdraengereinheit.png  used on input line 
32.
(pdftex.def)             Requested size: 142.26378pt x 148.52647pt.

Underfull \hbox (badness 10000) in paragraph at lines 31--35
\OT1/cmss/m/n/10 Einfaches Mod-ell eines Kre-isf^^?ormi-gen Zylin-ders.
 []


Underfull \hbox (badness 10000) in paragraph at lines 31--35
\OT1/cmss/m/n/10 Schluck-vol-u-men genannt (in diesem Fall $\OML/cmm/m/it/10 ^^
YdA$\OT1/cmss/m/n/10 ).
 []


Underfull \hbox (badness 10000) in paragraph at lines 31--35

 []


Underfull \hbox (badness 6477) in paragraph at lines 59--60
\OT1/cmss/m/n/10 geringer. $\OML/cmm/m/it/10 ^^Q[]$ \OT1/cmss/m/n/10 re-duziert
 somit den gef^^?orderten
 []


Underfull \hbox (badness 10000) in paragraph at lines 59--60

 []

[6 <./graphics/vierquadrantenbetrieb.png> <./graphics/verdraengereinheit.png>]
<./graphics/konstantpumpen.png, id=460, 684.30656pt x 376.40625pt>
File: ./graphics/konstantpumpen.png Graphic file (type png)
<use ./graphics/konstantpumpen.png>
Package pdftex.def Info: ./graphics/konstantpumpen.png  used on input line 97.
(pdftex.def)             Requested size: 238.05467pt x 130.94006pt.

Underfull \hbox (badness 10000) in paragraph at lines 97--98

 []

<./graphics/aussenzahnradpumpe.png, id=461, 907.89188pt x 359.09157pt>
File: ./graphics/aussenzahnradpumpe.png Graphic file (type png)
<use ./graphics/aussenzahnradpumpe.png>
Package pdftex.def Info: ./graphics/aussenzahnradpumpe.png  used on input line 
101.
(pdftex.def)             Requested size: 238.05467pt x 94.1561pt.

Underfull \hbox (badness 10000) in paragraph at lines 101--103

 []


Underfull \hbox (badness 10000) in paragraph at lines 101--103

 []


Underfull \hbox (badness 10000) in paragraph at lines 112--119

 []

<./graphics/innenzahnradpumpe.png, id=462, 514.92375pt x 229.60782pt>
File: ./graphics/innenzahnradpumpe.png Graphic file (type png)
<use ./graphics/innenzahnradpumpe.png>
Package pdftex.def Info: ./graphics/innenzahnradpumpe.png  used on input line 1
25.
(pdftex.def)             Requested size: 238.05467pt x 106.1499pt.

Underfull \hbox (badness 10000) in paragraph at lines 125--126

 []


Underfull \hbox (badness 10000) in paragraph at lines 135--142

 []

[7 <./graphics/konstantpumpen.png> <./graphics/aussenzahnradpumpe.png> <./graph
ics/innenzahnradpumpe.png>]
<./graphics/schraubenspindelpumpe.png, id=477, 584.93532pt x 222.8325pt>
File: ./graphics/schraubenspindelpumpe.png Graphic file (type png)
<use ./graphics/schraubenspindelpumpe.png>
Package pdftex.def Info: ./graphics/schraubenspindelpumpe.png  used on input li
ne 152.
(pdftex.def)             Requested size: 238.05467pt x 90.68867pt.

Underfull \hbox (badness 10000) in paragraph at lines 152--153

 []


Underfull \hbox (badness 10000) in paragraph at lines 154--156
[]\OT1/cmss/m/n/10 Sehr geringer Be-trieb-s-druck, kann aber grosse
 []


Underfull \hbox (badness 10000) in paragraph at lines 154--156
\OT1/cmss/m/n/10 Vol-u-men-str^^?ome beinahe pul-sa-tions-frei f^^?ordern
 []


Underfull \hbox (badness 10000) in paragraph at lines 154--156
\OT1/cmss/m/n/10 Daf^^?ur entste-hen keine Tur-bu-len-zen und keine
 []

<./graphics/verstellpumpen.png, id=478, 678.28406pt x 201.00093pt>
File: ./graphics/verstellpumpen.png Graphic file (type png)
<use ./graphics/verstellpumpen.png>
Package pdftex.def Info: ./graphics/verstellpumpen.png  used on input line 160.

(pdftex.def)             Requested size: 238.05467pt x 70.54459pt.

Underfull \hbox (badness 10000) in paragraph at lines 160--161

 []

<./graphics/schraegscheibenverstellpumpe.png, id=479, 679.78969pt x 402.75468pt
>
File: ./graphics/schraegscheibenverstellpumpe.png Graphic file (type png)
<use ./graphics/schraegscheibenverstellpumpe.png>
Package pdftex.def Info: ./graphics/schraegscheibenverstellpumpe.png  used on i
nput line 167.
(pdftex.def)             Requested size: 238.05467pt x 141.04pt.

Underfull \hbox (badness 10000) in paragraph at lines 166--169
\OT1/cmss/m/n/10 Durch Ver^^?anderung des Nei-gungswinkels der
 []


Underfull \hbox (badness 10000) in paragraph at lines 166--169
\OT1/cmss/m/n/10 Schr^^?agscheibe ergibt sich ein un-ter-schiedlicher
 []

<./graphics/schraegachsenverstellpumpe.png, id=480, 840.13875pt x 496.10344pt>
File: ./graphics/schraegachsenverstellpumpe.png Graphic file (type png)
<use ./graphics/schraegachsenverstellpumpe.png>
Package pdftex.def Info: ./graphics/schraegachsenverstellpumpe.png  used on inp
ut line 182.
(pdftex.def)             Requested size: 238.05467pt x 140.5734pt.
[8 <./graphics/schraubenspindelpumpe.png> <./graphics/verstellpumpen.png> <./gr
aphics/schraegscheibenverstellpumpe.png>]
<./graphics/radialpumpe.png, id=488, 677.53125pt x 389.95688pt>
File: ./graphics/radialpumpe.png Graphic file (type png)
<use ./graphics/radialpumpe.png>
Package pdftex.def Info: ./graphics/radialpumpe.png  used on input line 187.
(pdftex.def)             Requested size: 238.05467pt x 137.01056pt.
<./graphics/fluegelzellenpumpe.png, id=489, 786.68906pt x 340.27126pt>
File: ./graphics/fluegelzellenpumpe.png Graphic file (type png)
<use ./graphics/fluegelzellenpumpe.png>
Package pdftex.def Info: ./graphics/fluegelzellenpumpe.png  used on input line 
202.
(pdftex.def)             Requested size: 238.05467pt x 102.96481pt.

Underfull \hbox (badness 10000) in paragraph at lines 202--205
\OT1/cmss/m/n/10 Sind bei allen Ken-nwerten eher im Mit-telfeld
 []

<./graphics/gerotor.png, id=490, 630.85687pt x 374.14781pt>
File: ./graphics/gerotor.png Graphic file (type png)
<use ./graphics/gerotor.png>
Package pdftex.def Info: ./graphics/gerotor.png  used on input line 219.
(pdftex.def)             Requested size: 238.05467pt x 141.18427pt.
<./graphics/hydraulikmotoren_tab.png, id=491, 458.1918pt x 317.5062pt>
File: ./graphics/hydraulikmotoren_tab.png Graphic file (type png)
<use ./graphics/hydraulikmotoren_tab.png>
Package pdftex.def Info: ./graphics/hydraulikmotoren_tab.png  used on input lin
e 223.
(pdftex.def)             Requested size: 238.05467pt x 164.95882pt.

Underfull \hbox (badness 10000) in paragraph at lines 223--224

 []


Package hyperref Warning: Token not allowed in a PDF string (PDFDocEncoding):
(hyperref)                removing `math shift' on input line 225.


Package hyperref Warning: Token not allowed in a PDF string (PDFDocEncoding):
(hyperref)                removing `\rightarrow' on input line 225.


Package hyperref Warning: Token not allowed in a PDF string (PDFDocEncoding):
(hyperref)                removing `math shift' on input line 225.

<./graphics/pulsation.png, id=492, 810.77907pt x 467.49657pt>
File: ./graphics/pulsation.png Graphic file (type png)
<use ./graphics/pulsation.png>
Package pdftex.def Info: ./graphics/pulsation.png  used on input line 226.
(pdftex.def)             Requested size: 238.05467pt x 137.26114pt.
[9 <./graphics/schraegachsenverstellpumpe.png> <./graphics/radialpumpe.png> <./
graphics/fluegelzellenpumpe.png> <./graphics/gerotor.png>]

Package hyperref Warning: Token not allowed in a PDF string (PDFDocEncoding):
(hyperref)                removing `math shift' on input line 229.


Package hyperref Warning: Token not allowed in a PDF string (PDFDocEncoding):
(hyperref)                removing `\rightarrow' on input line 229.


Package hyperref Warning: Token not allowed in a PDF string (PDFDocEncoding):
(hyperref)                removing `math shift' on input line 229.


Underfull \hbox (badness 10000) in paragraph at lines 234--235
\OT1/cmss/m/n/10 Getriebe aus Ver-stellpumpe und Kon-stant-mo-tor,
 []


Underfull \hbox (badness 10000) in paragraph at lines 234--235

 []

) (./sections/3-hydraulikzylinder.tex
<./graphics/zyl_gleichgang.png, id=504, 338.76563pt x 88.07906pt>
File: ./graphics/zyl_gleichgang.png Graphic file (type png)
<use ./graphics/zyl_gleichgang.png>
Package pdftex.def Info: ./graphics/zyl_gleichgang.png  used on input line 7.
(pdftex.def)             Requested size: 142.26378pt x 36.9889pt.
<./graphics/zyl_differential.png, id=505, 259.7203pt x 78.2925pt>
File: ./graphics/zyl_differential.png Graphic file (type png)
<use ./graphics/zyl_differential.png>
Package pdftex.def Info: ./graphics/zyl_differential.png  used on input line 12
.
(pdftex.def)             Requested size: 142.26378pt x 42.88538pt.

Underfull \hbox (badness 10000) in paragraph at lines 15--16
[]\OT1/cmss/m/n/10 Einziger Zylin-der-typ mit un-ter-schiedlicher
 []

<./graphics/zyl_plunger.png, id=506, 230.36063pt x 184.43906pt>
File: ./graphics/zyl_plunger.png Graphic file (type png)
<use ./graphics/zyl_plunger.png>
Package pdftex.def Info: ./graphics/zyl_plunger.png  used on input line 19.
(pdftex.def)             Requested size: 142.26378pt x 113.90355pt.
[10 <./graphics/hydraulikmotoren_tab.png> <./graphics/pulsation.png> <./graphic
s/zyl_gleichgang.png> <./graphics/zyl_differential.png>]
<./graphics/zylinderkraefte.png, id=518, 654.94687pt x 289.08pt>
File: ./graphics/zylinderkraefte.png Graphic file (type png)
<use ./graphics/zylinderkraefte.png>
Package pdftex.def Info: ./graphics/zylinderkraefte.png  used on input line 25.

(pdftex.def)             Requested size: 238.05467pt x 105.07pt.

Underfull \hbox (badness 10000) in paragraph at lines 25--26

 []


Underfull \hbox (badness 10000) in paragraph at lines 30--34

 []


Underfull \hbox (badness 10000) in paragraph at lines 36--37

 []

<./graphics/eulerfall.png, id=519, 712.16063pt x 415.5525pt>
File: ./graphics/eulerfall.png Graphic file (type png)
<use ./graphics/eulerfall.png>
Package pdftex.def Info: ./graphics/eulerfall.png  used on input line 50.
(pdftex.def)             Requested size: 238.05467pt x 138.90182pt.

Underfull \hbox (badness 10000) in paragraph at lines 50--51

 []

<./graphics/korrekturfaktor.png, id=520, 749.80125pt x 401.24907pt>
File: ./graphics/korrekturfaktor.png Graphic file (type png)
<use ./graphics/korrekturfaktor.png>
Package pdftex.def Info: ./graphics/korrekturfaktor.png  used on input line 53.

(pdftex.def)             Requested size: 238.05467pt x 127.39209pt.

Underfull \hbox (badness 10000) in paragraph at lines 53--54

 []


Underfull \hbox (badness 10000) in paragraph at lines 86--87

 []

[11 <./graphics/zyl_plunger.png> <./graphics/zylinderkraefte.png> <./graphics/e
ulerfall.png> <./graphics/korrekturfaktor.png>])
(./sections/4-proportionalventile.tex
<./graphics/wegeschaltventil1.png, id=536, 1031.35312pt x 537.50812pt>
File: ./graphics/wegeschaltventil1.png Graphic file (type png)
<use ./graphics/wegeschaltventil1.png>
Package pdftex.def Info: ./graphics/wegeschaltventil1.png  used on input line 4
.
(pdftex.def)             Requested size: 238.05467pt x 124.06715pt.
<./graphics/wegeschaltventil2.png, id=537, 794.2172pt x 325.96782pt>
File: ./graphics/wegeschaltventil2.png Graphic file (type png)
<use ./graphics/wegeschaltventil2.png>
Package pdftex.def Info: ./graphics/wegeschaltventil2.png  used on input line 5
.
(pdftex.def)             Requested size: 238.05467pt x 97.70155pt.

Underfull \hbox (badness 10000) in paragraph at lines 4--7

 []

<./graphics/proportionalwegeventil.png, id=538, 785.93625pt x 349.305pt>
File: ./graphics/proportionalwegeventil.png Graphic file (type png)
<use ./graphics/proportionalwegeventil.png>
Package pdftex.def Info: ./graphics/proportionalwegeventil.png  used on input l
ine 16.
(pdftex.def)             Requested size: 238.05467pt x 105.79967pt.

Underfull \hbox (badness 10000) in paragraph at lines 16--18

 []


LaTeX Font Warning: Font shape `OT1/cmss/m/it' in size <10> not available
(Font)              Font shape `OT1/cmss/m/sl' tried instead on input line 20.


Underfull \hbox (badness 10000) in paragraph at lines 21--22
[]\OT1/cmss/m/n/10 Volumenstrom $\OML/cmm/m/it/10 Q$ \OT1/cmss/m/n/10 pro-por-t
ional zum
 []

<./graphics/proportionalwegeventil2.png, id=539, 520.94624pt x 407.27156pt>
File: ./graphics/proportionalwegeventil2.png Graphic file (type png)
<use ./graphics/proportionalwegeventil2.png>
Package pdftex.def Info: ./graphics/proportionalwegeventil2.png  used on input 
line 27.
(pdftex.def)             Requested size: 238.05467pt x 186.1105pt.

Underfull \hbox (badness 10000) in paragraph at lines 27--29

 []

[12 <./graphics/wegeschaltventil1.png> <./graphics/wegeschaltventil2.png> <./gr
aphics/proportionalwegeventil.png> <./graphics/proportionalwegeventil2.png>]
[13]) (./sections/5-hydraulische_widerstandsmessung.tex
<./graphics/signalumsetzung.png, id=553, 335.75438pt x 249.18094pt>
File: ./graphics/signalumsetzung.png Graphic file (type png)
<use ./graphics/signalumsetzung.png>
Package pdftex.def Info: ./graphics/signalumsetzung.png  used on input line 2.
(pdftex.def)             Requested size: 142.26378pt x 105.5792pt.

Underfull \hbox (badness 10000) in paragraph at lines 2--5

 []


Underfull \hbox (badness 10000) in paragraph at lines 7--15

 []


Underfull \hbox (badness 10000) in paragraph at lines 28--33

 []

<./graphics/einkantensteuerung.png, id=554, 670.75594pt x 465.23813pt>
File: ./graphics/einkantensteuerung.png Graphic file (type png)
<use ./graphics/einkantensteuerung.png>
Package pdftex.def Info: ./graphics/einkantensteuerung.png  used on input line 
53.
(pdftex.def)             Requested size: 238.05467pt x 165.11455pt.

Underfull \hbox (badness 10000) in paragraph at lines 53--54

 []


Underfull \hbox (badness 10000) in paragraph at lines 59--65

 []


Underfull \hbox (badness 10000) in paragraph at lines 83--87

 []

<./graphics/zweikantensteuerung.png, id=555, 670.75594pt x 465.23813pt>
File: ./graphics/zweikantensteuerung.png Graphic file (type png)
<use ./graphics/zweikantensteuerung.png>
Package pdftex.def Info: ./graphics/zweikantensteuerung.png  used on input line
 105.
(pdftex.def)             Requested size: 238.05467pt x 165.11455pt.

Underfull \hbox (badness 10000) in paragraph at lines 105--106

 []

[14 <./graphics/signalumsetzung.png> <./graphics/einkantensteuerung.png>]
<./graphics/vierkantensteuerung.png, id=565, 757.32938pt x 488.57532pt>
File: ./graphics/vierkantensteuerung.png Graphic file (type png)
<use ./graphics/vierkantensteuerung.png>
Package pdftex.def Info: ./graphics/vierkantensteuerung.png  used on input line
 136.
(pdftex.def)             Requested size: 238.05467pt x 153.57402pt.

Underfull \hbox (badness 10000) in paragraph at lines 136--142

 []

) (./sections/6-servozylinder_antrieb.tex
<./graphics/kennlinienfeld.png, id=566, 478.78876pt x 420.06938pt>
File: ./graphics/kennlinienfeld.png Graphic file (type png)
<use ./graphics/kennlinienfeld.png>
Package pdftex.def Info: ./graphics/kennlinienfeld.png  used on input line 10.
(pdftex.def)             Requested size: 238.05467pt x 208.86119pt.

Underfull \hbox (badness 10000) in paragraph at lines 10--12

 []

[15 <./graphics/zweikantensteuerung.png> <./graphics/vierkantensteuerung.png> <
./graphics/kennlinienfeld.png>]
<./graphics/differentialgleichungssystem.png, id=577, 420.06938pt x 266.49562pt
>
File: ./graphics/differentialgleichungssystem.png Graphic file (type png)
<use ./graphics/differentialgleichungssystem.png>
Package pdftex.def Info: ./graphics/differentialgleichungssystem.png  used on i
nput line 36.
(pdftex.def)             Requested size: 238.05467pt x 151.02573pt.

Underfull \hbox (badness 10000) in paragraph at lines 36--37

 []

<./graphics/steuerkette.png, id=578, 755.07094pt x 333.49594pt>
File: ./graphics/steuerkette.png Graphic file (type png)
<use ./graphics/steuerkette.png>
Package pdftex.def Info: ./graphics/steuerkette.png  used on input line 38.
(pdftex.def)             Requested size: 238.05467pt x 105.14337pt.

Underfull \hbox (badness 10000) in paragraph at lines 38--40

 []


Underfull \hbox (badness 10000) in paragraph at lines 50--55

 []


Underfull \hbox (badness 10000) in paragraph at lines 78--82

 []

) (./sections/7-speicher.tex
Underfull \hbox (badness 10000) in paragraph at lines 13--14
[]\OT1/cmss/m/n/10 Gummiblase im Spe-icher enth^^?alt das
 []

[16 <./graphics/differentialgleichungssystem.png> <./graphics/steuerkette.png>]

Underfull \hbox (badness 10000) in paragraph at lines 44--47

 []

) (./sections/8-pneumatik.tex
Overfull \hbox (21.35303pt too wide) in paragraph at lines 7--16
[] 
 []


Underfull \hbox (badness 10000) in paragraph at lines 7--16

 []


Underfull \hbox (badness 10000) in paragraph at lines 40--45

 []

[17]
<./graphics/taupunktkurve.png, id=592, 301.125pt x 268.00125pt>
File: ./graphics/taupunktkurve.png Graphic file (type png)
<use ./graphics/taupunktkurve.png>
Package pdftex.def Info: ./graphics/taupunktkurve.png  used on input line 76.
(pdftex.def)             Requested size: 238.05467pt x 211.87814pt.
<./graphics/Pneumatischermuskel.png, id=593, 322.20375pt x 297.36093pt>
File: ./graphics/Pneumatischermuskel.png Graphic file (type png)
<use ./graphics/Pneumatischermuskel.png>
Package pdftex.def Info: ./graphics/Pneumatischermuskel.png  used on input line
 95.
(pdftex.def)             Requested size: 238.05467pt x 219.70787pt.

Underfull \hbox (badness 10000) in paragraph at lines 95--97

 []

<./graphics/Pneumatischermuskel_Kennlinienfeld.png, id=594, 581.92406pt x 473.5
1906pt>
File: ./graphics/Pneumatischermuskel_Kennlinienfeld.png Graphic file (type png)

<use ./graphics/Pneumatischermuskel_Kennlinienfeld.png>
Package pdftex.def Info: ./graphics/Pneumatischermuskel_Kennlinienfeld.png  use
d on input line 106.
(pdftex.def)             Requested size: 238.05467pt x 193.70331pt.

Underfull \hbox (badness 10000) in paragraph at lines 106--108

 []


Underfull \hbox (badness 10000) in paragraph at lines 110--111
[]\OT1/cmss/m/n/10 weitgehend lin-eare Kennlinie durch geringe
 []

<./graphics/Vakumduese_mit_Saugnapf.png, id=595, 472.76625pt x 188.95593pt>
File: ./graphics/Vakumduese_mit_Saugnapf.png Graphic file (type png)
<use ./graphics/Vakumduese_mit_Saugnapf.png>
Package pdftex.def Info: ./graphics/Vakumduese_mit_Saugnapf.png  used on input 
line 114.
(pdftex.def)             Requested size: 238.05467pt x 95.14664pt.

Underfull \hbox (badness 10000) in paragraph at lines 114--116

 []

[18 <./graphics/taupunktkurve.png> <./graphics/Pneumatischermuskel.png>]
Underfull \hbox (badness 10000) in paragraph at lines 119--120
[]\OT1/cmss/m/n/10 Tank entleert sich ^^?uber Saug-napf bei
 []

) (./sections/9-schaltsymbole.tex
<./graphics/Schaltsymbole_Hydraulik_1_Grundelemente.png, id=605, 451.6875pt x 2
75.52937pt>
File: ./graphics/Schaltsymbole_Hydraulik_1_Grundelemente.png Graphic file (type
 png)
<use ./graphics/Schaltsymbole_Hydraulik_1_Grundelemente.png>
Package pdftex.def Info: ./graphics/Schaltsymbole_Hydraulik_1_Grundelemente.png
  used on input line 4.
(pdftex.def)             Requested size: 238.05467pt x 145.21423pt.

Underfull \hbox (badness 10000) in paragraph at lines 4--5

 []

<./graphics/Schaltsymbole_Hydraulik_2_Pumpen_und_Motoren.png, id=606, 654.19406
pt x 365.86688pt>
File: ./graphics/Schaltsymbole_Hydraulik_2_Pumpen_und_Motoren.png Graphic file 
(type png)
<use ./graphics/Schaltsymbole_Hydraulik_2_Pumpen_und_Motoren.png>
Package pdftex.def Info: ./graphics/Schaltsymbole_Hydraulik_2_Pumpen_und_Motore
n.png  used on input line 6.
(pdftex.def)             Requested size: 238.05467pt x 133.13554pt.

Underfull \hbox (badness 10000) in paragraph at lines 6--7

 []

<./graphics/Schaltsymbole_Hydraulik_3.png, id=607, 722.7pt x 410.2828pt>
File: ./graphics/Schaltsymbole_Hydraulik_3.png Graphic file (type png)
<use ./graphics/Schaltsymbole_Hydraulik_3.png>
Package pdftex.def Info: ./graphics/Schaltsymbole_Hydraulik_3.png  used on inpu
t line 8.
(pdftex.def)             Requested size: 238.05467pt x 135.14333pt.

Underfull \hbox (badness 10000) in paragraph at lines 8--9

 []

<./graphics/Schaltsymbole_Hydraulik_5_Sperr_und_Stromventile.png, id=608, 472.0
1344pt x 284.56313pt>
File: ./graphics/Schaltsymbole_Hydraulik_5_Sperr_und_Stromventile.png Graphic f
ile (type png)
<use ./graphics/Schaltsymbole_Hydraulik_5_Sperr_und_Stromventile.png>
Package pdftex.def Info: ./graphics/Schaltsymbole_Hydraulik_5_Sperr_und_Stromve
ntile.png  used on input line 10.
(pdftex.def)             Requested size: 238.05467pt x 143.51869pt.

Underfull \hbox (badness 10000) in paragraph at lines 10--11

 []

<./graphics/Schaltsymbole_Hydraulik_4_Druckventile.png, id=609, 484.81125pt x 2
75.52937pt>
File: ./graphics/Schaltsymbole_Hydraulik_4_Druckventile.png Graphic file (type 
png)
<use ./graphics/Schaltsymbole_Hydraulik_4_Druckventile.png>
Package pdftex.def Info: ./graphics/Schaltsymbole_Hydraulik_4_Druckventile.png 
 used on input line 12.
(pdftex.def)             Requested size: 238.05467pt x 135.29225pt.

Underfull \hbox (badness 10000) in paragraph at lines 12--14

 []

[19 <./graphics/Pneumatischermuskel_Kennlinienfeld.png> <./graphics/Vakumduese_
mit_Saugnapf.png> <./graphics/Schaltsymbole_Hydraulik_1_Grundelemente.png> <./g
raphics/Schaltsymbole_Hydraulik_2_Pumpen_und_Motoren.png> <./graphics/Schaltsym
bole_Hydraulik_3.png> <./graphics/Schaltsymbole_Hydraulik_5_Sperr_und_Stromvent
ile.png>]
Underfull \hbox (badness 10000) in paragraph at lines 16--17
[]\OT1/cmss/m/n/10 Druckminderventil (DMV): Steuerung auf
 []


Underfull \hbox (badness 10000) in paragraph at lines 20--21
[]\OT1/cmss/m/n/10 Elektrisch pro-por-tional anges-teuertes DBV:
 []

<./graphics/Schaltsymbole_Hydraulik_6_Wegeventile.png, id=620, 716.6775pt x 344
.78813pt>
File: ./graphics/Schaltsymbole_Hydraulik_6_Wegeventile.png Graphic file (type p
ng)
<use ./graphics/Schaltsymbole_Hydraulik_6_Wegeventile.png>
Package pdftex.def Info: ./graphics/Schaltsymbole_Hydraulik_6_Wegeventile.png  
used on input line 23.
(pdftex.def)             Requested size: 238.05467pt x 114.52223pt.

Underfull \hbox (badness 10000) in paragraph at lines 30--31
[]\OT1/cmss/m/n/10 Angabe ob Pro-por-tion-al-ven-til (erkennbar an
 []

<./graphics/Schaltsymbole_Pneumatik_1.png, id=621, 485.56406pt x 263.48438pt>
File: ./graphics/Schaltsymbole_Pneumatik_1.png Graphic file (type png)
<use ./graphics/Schaltsymbole_Pneumatik_1.png>
Package pdftex.def Info: ./graphics/Schaltsymbole_Pneumatik_1.png  used on inpu
t line 33.
(pdftex.def)             Requested size: 238.05467pt x 129.1768pt.
<./graphics/Schaltsymbole_Pneumatik_2.png, id=622, 487.06969pt x 313.9228pt>
File: ./graphics/Schaltsymbole_Pneumatik_2.png Graphic file (type png)
<use ./graphics/Schaltsymbole_Pneumatik_2.png>
Package pdftex.def Info: ./graphics/Schaltsymbole_Pneumatik_2.png  used on inpu
t line 34.
(pdftex.def)             Requested size: 238.05467pt x 153.43073pt.
<./graphics/Schaltsymbole_Pneumatik_3.png, id=623, 532.23843pt x 306.39468pt>
File: ./graphics/Schaltsymbole_Pneumatik_3.png Graphic file (type png)
<use ./graphics/Schaltsymbole_Pneumatik_3.png>
Package pdftex.def Info: ./graphics/Schaltsymbole_Pneumatik_3.png  used on inpu
t line 35.
(pdftex.def)             Requested size: 238.05467pt x 137.03947pt.

Underfull \hbox (badness 10000) in paragraph at lines 33--36

 []

<./graphics/Schaltsymbole_Ventilbetaetigung.png, id=624, 423.83344pt x 288.3272
pt>
File: ./graphics/Schaltsymbole_Ventilbetaetigung.png Graphic file (type png)
<use ./graphics/Schaltsymbole_Ventilbetaetigung.png>
Package pdftex.def Info: ./graphics/Schaltsymbole_Ventilbetaetigung.png  used o
n input line 38.
(pdftex.def)             Requested size: 238.05467pt x 161.94606pt.

Underfull \hbox (badness 10000) in paragraph at lines 38--39

 []

) [20 <./graphics/Schaltsymbole_Hydraulik_4_Druckventile.png> <./graphics/Schal
tsymbole_Hydraulik_6_Wegeventile.png> <./graphics/Schaltsymbole_Pneumatik_1.png
> <./graphics/Schaltsymbole_Pneumatik_2.png> <./graphics/Schaltsymbole_Pneumati
k_3.png>] [21 <./graphics/Schaltsymbole_Ventilbetaetigung.png>]
Package atveryend Info: Empty hook `BeforeClearDocument' on input line 101.
Package atveryend Info: Empty hook `AfterLastShipout' on input line 101.

(./oelhydraulik und pneumatik.aux)
Package atveryend Info: Executing hook `AtVeryEndDocument' on input line 101.
Package atveryend Info: Executing hook `AtEndAfterFileList' on input line 101.
Package rerunfilecheck Info: File `"oelhydraulik und pneumatik".out' has not ch
anged.
(rerunfilecheck)             Checksum: 832A23756746D951FACA4FEBD0301A0B;6755.
Package atveryend Info: Empty hook `AtVeryVeryEnd' on input line 101.
 ) 
Here is how much of TeX's memory you used:
 20090 strings out of 492616
 347993 string characters out of 6129482
 714195 words of memory out of 5000000
 23574 multiletter control sequences out of 15000+600000
 542351 words of font info for 62 fonts, out of 8000000 for 9000
 1141 hyphenation exceptions out of 8191
 47i,15n,65p,765b,682s stack positions out of 5000i,500n,10000p,200000b,80000s
</usr/local/texlive/2019/texmf-dist/fonts/type1/public/amsfonts/cm/cmbx10.pfb
></usr/local/texlive/2019/texmf-dist/fonts/type1/public/amsfonts/cm/cmex10.pfb>
</usr/local/texlive/2019/texmf-dist/fonts/type1/public/amsfonts/cm/cmmi10.pfb><
/usr/local/texlive/2019/texmf-dist/fonts/type1/public/amsfonts/cm/cmmi5.pfb></u
sr/local/texlive/2019/texmf-dist/fonts/type1/public/amsfonts/cm/cmmi7.pfb></usr
/local/texlive/2019/texmf-dist/fonts/type1/public/amsfonts/cm/cmr10.pfb></usr/l
ocal/texlive/2019/texmf-dist/fonts/type1/public/amsfonts/cm/cmr5.pfb></usr/loca
l/texlive/2019/texmf-dist/fonts/type1/public/amsfonts/cm/cmr7.pfb></usr/local/t
exlive/2019/texmf-dist/fonts/type1/public/amsfonts/cm/cmss10.pfb></usr/local/te
xlive/2019/texmf-dist/fonts/type1/public/amsfonts/cm/cmss8.pfb></usr/local/texl
ive/2019/texmf-dist/fonts/type1/public/amsfonts/cm/cmssbx10.pfb></usr/local/tex
live/2019/texmf-dist/fonts/type1/public/amsfonts/cm/cmssi10.pfb></usr/local/tex
live/2019/texmf-dist/fonts/type1/public/amsfonts/cm/cmsy10.pfb></usr/local/texl
ive/2019/texmf-dist/fonts/type1/public/amsfonts/cm/cmsy7.pfb>
Output written on "oelhydraulik und pneumatik.pdf" (21 pages, 9725247 bytes).
PDF statistics:
 723 PDF objects out of 1000 (max. 8388607)
 589 compressed objects within 6 object streams
 180 named destinations out of 1000 (max. 500000)
 1015 words of extra memory for PDF output out of 10000 (max. 10000000)

